Build started 10/29/2020 10:53:22 PM.
     1>Project "C:\working\thiefsource\sp\src\game\server\server_episodic.vcxproj" on node 2 (Build target(s)).
     1>PreBuildEvent:
         if EXIST ..\..\..\game\mod_episodic\bin\.\server.dll for /f "delims=" %%A in ('attrib "..\..\..\game\mod_episodic\bin\.\server.dll"') do set valveTmpIsReadOnly="%%A"
         set valveTmpIsReadOnlyLetter=%valveTmpIsReadOnly:~6,1%
         if "%valveTmpIsReadOnlyLetter%"=="R" del /q "C:\working\thiefsource\sp\src\game\server\Debug_mod_episodic\"server.dll
         if exist "..\..\devtools\bin\vpc.exe" "..\..\devtools\bin\vpc.exe" -crc2 "server_episodic.vcxproj"
         if ERRORLEVEL 1 exit /b 1
         
         :VCEnd
       ClCompile:
         C:\Program Files (x86)\Microsoft Visual Studio 12.0\VC\bin\CL.exe /c /I..\..\common /I..\..\public /I..\..\public\tier0 /I..\..\public\tier1 /I..\..\game\server\generated_proto_mod_episodic /I"..\..\thirdparty\protobuf-2.3.0\src" /I.\ /I..\..\game\shared /I..\..\utils\common /I..\..\game\shared\econ /I..\..\game\server\NextBot /I..\..\game\shared\hl2 /I..\..\game\shared\episodic /I.\hl2 /I.\episodic /ZI /nologo /W4 /WX /MP /Od /Oy- /D VPC /D RAD_TELEMETRY_DISABLED /D _HAS_ITERATOR_DEBUGGING=0 /D WIN32 /D _WIN32 /D _DEBUG /D DEBUG /D _WINDOWS /D _USRDLL /D _CRT_SECURE_NO_DEPRECATE /D _CRT_NONSTDC_NO_DEPRECATE /D _ALLOW_RUNTIME_LIBRARY_MISMATCH /D _ALLOW_ITERATOR_DEBUG_LEVEL_MISMATCH /D _ALLOW_MSC_VER_MISMATCH /D _USING_V110_SDK71_ /D _WINDLL /D _MBCS /D COMPILER_MSVC32 /D COMPILER_MSVC32 /D COMPILER_MSVC /D _DLL_EXT=.dll /D DLLNAME=server /D BINK_VIDEO /D AVI_VIDEO /D WMV_VIDEO /D DEV_BUILD /D FRAME_POINTER_OMISSION_DISABLED /D GAME_DLL /D VECTOR /D VERSION_SAFE_STEAM_API_INTERFACES /D PROTECTED_THINGS_ENABLE /D sprintf=use_Q_snprintf_instead_of_sprintf /D strncpy=use_Q_strncpy_instead /D _snprintf=use_Q_snprintf_instead /D fopen=dont_use_fopen /D HL2_DLL /D HL2_EPISODIC /D USES_SAVERESTORE /D _EXTERNAL_DLL_EXT=.dll /D VPCGAMECAPS=VALVE /D PROJECTDIR=C:\working\thiefsource\sp\src\game\server /D _DLL_EXT=.dll /D VPCGAME=valve /D SOURCE1=1 /GF /Gm- /MTd /GS /arch:SSE /fp:fast /Zc:wchar_t /Zc:forScope /GR /Yu"cbase.h" /Fp".\Debug_mod_episodic\server.pch" /Fo".\Debug_mod_episodic\/" /Fd".\Debug_mod_episodic\/vc120.pdb" /Gd /TP /wd4316 /analyze- /FC /errorReport:prompt /Zm200 /Gw lightintensity.h
         lightintensity.h
     1>c:\working\thiefsource\sp\src\game\server\lightintensity.h(3): error C2220: warning treated as error - no 'object' file generated
     1>c:\working\thiefsource\sp\src\game\server\lightintensity.h(3): warning C4603: 'LIGHTINTENSITY_H' : macro is not defined or definition is different after precompiled header use
                 Add macro to precompiled header instead of defining here
                 c:\working\thiefsource\sp\src\game\server\lightintensity.h(8) : use of precompiled header
     1>c:\working\thiefsource\sp\src\game\server\lightintensity.h(15): fatal error C1020: unexpected #endif
     1>Done Building Project "C:\working\thiefsource\sp\src\game\server\server_episodic.vcxproj" (Build target(s)) -- FAILED.

Build FAILED.

Time Elapsed 00:00:01.12
